0:0:0:0:0:0:0:1 - - [09/Jul/2024:20:09:29 +0800] "GET /nacos/ HTTP/1.1" 302 - 77
0:0:0:0:0:0:0:1 - - [09/Jul/2024:20:09:29 +0800] "GET /nacos/login HTTP/1.1" 200 1412 5
0:0:0:0:0:0:0:1 - - [09/Jul/2024:20:09:50 +0800] "GET /nacos/login HTTP/1.1" 200 1412 2
0:0:0:0:0:0:0:1 - - [09/Jul/2024:20:09:50 +0800] "GET /favicon.ico HTTP/1.1" 404 431 1
0:0:0:0:0:0:0:1 - - [09/Jul/2024:20:10:13 +0800] "POST /nacos/login HTTP/1.1" 302 - 232
0:0:0:0:0:0:0:1 - - [09/Jul/2024:20:10:13 +0800] "GET /nacos/login?error HTTP/1.1" 200 1487 6
0:0:0:0:0:0:0:1 - - [09/Jul/2024:20:14:21 +0800] "GET /nacos/login?error HTTP/1.1" 200 1482 51
0:0:0:0:0:0:0:1 - - [09/Jul/2024:20:14:31 +0800] "GET / HTTP/1.1" 404 431 2
0:0:0:0:0:0:0:1 - - [09/Jul/2024:20:14:35 +0800] "GET /nacos/ HTTP/1.1" 302 - 20
0:0:0:0:0:0:0:1 - - [09/Jul/2024:20:14:35 +0800] "GET /nacos/login HTTP/1.1" 200 1412 2
0:0:0:0:0:0:0:1 - - [09/Jul/2024:20:14:52 +0800] "POST /nacos/login HTTP/1.1" 302 - 139
0:0:0:0:0:0:0:1 - - [09/Jul/2024:20:14:52 +0800] "GET /nacos/login?error HTTP/1.1" 200 1487 2
0:0:0:0:0:0:0:1 - - [09/Jul/2024:20:16:07 +0800] "POST /nacos/login HTTP/1.1" 302 - 68
0:0:0:0:0:0:0:1 - - [09/Jul/2024:20:16:07 +0800] "GET /nacos/login?error HTTP/1.1" 200 1487 2
10.220.18.28 - - [09/Jul/2024:20:20:11 +0800] "GET / HTTP/1.1" 404 431 14
10.220.18.28 - - [09/Jul/2024:20:20:11 +0800] "GET /favicon.ico HTTP/1.1" 404 431 0
0:0:0:0:0:0:0:1 - - [09/Jul/2024:20:20:21 +0800] "GET /nacos/ HTTP/1.1" 302 - 67
0:0:0:0:0:0:0:1 - - [09/Jul/2024:20:20:21 +0800] "GET /nacos/login HTTP/1.1" 200 1412 4
0:0:0:0:0:0:0:1 - - [09/Jul/2024:20:22:45 +0800] "GET /nacos/ HTTP/1.1" 302 - 68
0:0:0:0:0:0:0:1 - - [09/Jul/2024:20:22:45 +0800] "GET /nacos/login HTTP/1.1" 200 1412 4
0:0:0:0:0:0:0:1 - - [09/Jul/2024:20:22:51 +0800] "POST /nacos/login HTTP/1.1" 302 - 150
0:0:0:0:0:0:0:1 - - [09/Jul/2024:20:22:51 +0800] "GET /nacos/login?error HTTP/1.1" 200 1487 3
0:0:0:0:0:0:0:1 - - [09/Jul/2024:20:23:01 +0800] "POST /nacos/login HTTP/1.1" 302 - 69
0:0:0:0:0:0:0:1 - - [09/Jul/2024:20:23:01 +0800] "GET /nacos/login?error HTTP/1.1" 200 1487 2
0:0:0:0:0:0:0:1 - - [09/Jul/2024:20:23:45 +0800] "POST /nacos/login HTTP/1.1" 302 - 77
0:0:0:0:0:0:0:1 - - [09/Jul/2024:20:23:45 +0800] "GET /nacos/login?error HTTP/1.1" 200 1487 2
0:0:0:0:0:0:0:1 - - [09/Jul/2024:20:23:48 +0800] "POST /nacos/login HTTP/1.1" 302 - 67
0:0:0:0:0:0:0:1 - - [09/Jul/2024:20:23:48 +0800] "GET /nacos/login?error HTTP/1.1" 200 1487 6
0:0:0:0:0:0:0:1 - - [09/Jul/2024:20:24:10 +0800] "POST /nacos/login HTTP/1.1" 302 - 67
0:0:0:0:0:0:0:1 - - [09/Jul/2024:20:24:10 +0800] "GET /nacos/login?error HTTP/1.1" 200 1487 1
